<?xml version="1.0" encoding="utf-8"?><testsuites name="pytest tests"><testsuite name="pytest" errors="0" failures="0" skipped="0" tests="15" time="11.385" timestamp="2026-05-05T15:30:08.076637+00:00" hostname="agent-env-7cd3237e-3bf0-4683-a866-95c270efcdcb"><testcase classname="backend.tests.test_onquest_api" name="test_health" time="0.779" /><testcase classname="backend.tests.test_onquest_api" name="test_login_admin" time="0.422" /><testcase classname="backend.tests.test_onquest_api" name="test_login_invalid" time="0.401" /><testcase classname="backend.tests.test_onquest_api" name="test_register_duplicate" time="0.174" /><testcase classname="backend.tests.test_onquest_api" name="test_me_with_token" time="0.583" /><testcase classname="backend.tests.test_onquest_api" name="test_me_no_token" time="0.504" /><testcase classname="backend.tests.test_onquest_api" name="test_feed" time="0.476" /><testcase classname="backend.tests.test_onquest_api" name="test_explore" time="0.198" /><testcase classname="backend.tests.test_onquest_api" name="test_create_persists" time="0.656" /><testcase classname="backend.tests.test_onquest_api" name="test_my_quests" time="0.147" /><testcase classname="backend.tests.test_onquest_api" name="test_like_toggle" time="0.295" /><testcase classname="backend.tests.test_onquest_api" name="test_comment" time="0.338" /><testcase classname="backend.tests.test_onquest_api" name="test_ai_summary_author" time="5.828" /><testcase classname="backend.tests.test_onquest_api" name="test_ai_summary_non_author_forbidden" time="0.200" /><testcase classname="backend.tests.test_onquest_api" name="test_quest_create_unauthenticated" time="0.225" /></testsuite></testsuites>